<?xml version="1.0" encoding="UTF-8"?>
<!-- Generated by org.testng.reporters.JUnitReportReporter -->
<testsuite skipped="0" hostname="SKURADAGI6430" name="com.target.metrotransit.metrotransitCaseStudy.controller.MetrotransitControllerTest" tests="1" failures="0" timestamp="04 Aug 2018 17:35:33 GMT" time="0.017" errors="1">
  <testcase name="getWaitingTimeTest" time="0.017" classname="com.target.metrotransit.metrotransitCaseStudy.controller.MetrotransitControllerTest">
    <error type="org.testng.internal.reflect.MethodMatcherException" message="
Data provider mismatch
Method: getWaitingTimeTest([Parameter{index=0, type=com.target.metrotransit.metrotransitCaseStudy.helper.MetroTrainsitHelper, declaredAnnotations=[@mockit.Mocked(value=[], stubOutClassInitialization=false)]}])
Arguments: []">
      <![CDATA[org.testng.internal.reflect.MethodMatcherException: 
Data provider mismatch
Method: getWaitingTimeTest([Parameter{index=0, type=com.target.metrotransit.metrotransitCaseStudy.helper.MetroTrainsitHelper, declaredAnnotations=[@mockit.Mocked(value=[], stubOutClassInitialization=false)]}])
Arguments: []
at org.testng.internal.reflect.DataProviderMethodMatcher.getConformingArguments(DataProviderMethodMatcher.java:45)
at org.testng.internal.Parameters.injectParameters(Parameters.java:796)
at org.testng.internal.Invoker.invokeTestMethods(Invoker.java:983)
at org.testng.internal.TestMethodWorker.invokeTestMethods(TestMethodWorker.java:125)
at org.testng.internal.TestMethodWorker.run(TestMethodWorker.java:109)
at org.testng.TestRunner.privateRun(TestRunner.java:648)
at org.testng.TestRunner.run(TestRunner.java:505)
at org.testng.SuiteRunner.runTest(SuiteRunner.java:455)
at org.testng.SuiteRunner.runSequentially(SuiteRunner.java:450)
at org.testng.SuiteRunner.privateRun(SuiteRunner.java:415)
at org.testng.SuiteRunner.run(SuiteRunner.java:364)
at org.testng.SuiteRunnerWorker.runSuite(SuiteRunnerWorker.java:52)
at org.testng.SuiteRunnerWorker.run(SuiteRunnerWorker.java:84)
at org.testng.TestNG.runSuitesSequentially(TestNG.java:1208)
at org.testng.TestNG.runSuitesLocally(TestNG.java:1137)
at org.testng.TestNG.runSuites(TestNG.java:1049)
at org.testng.TestNG.run(TestNG.java:1017)
at org.testng.remote.AbstractRemoteTestNG.run(AbstractRemoteTestNG.java:114)
at org.testng.remote.RemoteTestNG.initAndRun(RemoteTestNG.java:251)
at org.testng.remote.RemoteTestNG.main(RemoteTestNG.java:77)
]]>
    </error>
  </testcase> <!-- getWaitingTimeTest -->
</testsuite> <!-- com.target.metrotransit.metrotransitCaseStudy.controller.MetrotransitControllerTest -->
